/home/safayat/dave_lidar_ws/src/install/lidar_plotter/lib/python3.12/site-packages/lidar_plotter/__init__.py
/home/safayat/dave_lidar_ws/src/install/lidar_plotter/lib/python3.12/site-packages/lidar_plotter/validate_lidar_against_dem.py
/home/safayat/dave_lidar_ws/src/install/lidar_plotter/lib/python3.12/site-packages/lidar_plotter/validate_lidar_ranges_against_dem.py
/home/safayat/dave_lidar_ws/src/install/lidar_plotter/lib/python3.12/site-packages/lidar_plotter/lidar_truth_overlay.py
/home/safayat/dave_lidar_ws/src/install/lidar_plotter/lib/python3.12/site-packages/lidar_plotter/validate_lidar_against_sdf.py
/home/safayat/dave_lidar_ws/src/install/lidar_plotter/lib/python3.12/site-packages/lidar_plotter/lidar_plotter.py
/home/safayat/dave_lidar_ws/src/install/lidar_plotter/lib/python3.12/site-packages/lidar_plotter/lidar_plotter_mod.py
/home/safayat/dave_lidar_ws/src/install/lidar_plotter/lib/python3.12/site-packages/lidar_plotter/lidar_online_mapping_node.py
/home/safayat/dave_lidar_ws/src/install/lidar_plotter/lib/python3.12/site-packages/lidar_plotter/compare_real_sonar_to_dem.py
/home/safayat/dave_lidar_ws/src/install/lidar_plotter/lib/python3.12/site-packages/lidar_plotter/__pycache__/__init__.cpython-312.pyc
/home/safayat/dave_lidar_ws/src/install/lidar_plotter/lib/python3.12/site-packages/lidar_plotter/__pycache__/validate_lidar_against_dem.cpython-312.pyc
/home/safayat/dave_lidar_ws/src/install/lidar_plotter/lib/python3.12/site-packages/lidar_plotter/__pycache__/validate_lidar_ranges_against_dem.cpython-312.pyc
/home/safayat/dave_lidar_ws/src/install/lidar_plotter/lib/python3.12/site-packages/lidar_plotter/__pycache__/lidar_truth_overlay.cpython-312.pyc
/home/safayat/dave_lidar_ws/src/install/lidar_plotter/lib/python3.12/site-packages/lidar_plotter/__pycache__/validate_lidar_against_sdf.cpython-312.pyc
/home/safayat/dave_lidar_ws/src/install/lidar_plotter/lib/python3.12/site-packages/lidar_plotter/__pycache__/lidar_plotter.cpython-312.pyc
/home/safayat/dave_lidar_ws/src/install/lidar_plotter/lib/python3.12/site-packages/lidar_plotter/__pycache__/lidar_plotter_mod.cpython-312.pyc
/home/safayat/dave_lidar_ws/src/install/lidar_plotter/lib/python3.12/site-packages/lidar_plotter/__pycache__/lidar_online_mapping_node.cpython-312.pyc
/home/safayat/dave_lidar_ws/src/install/lidar_plotter/lib/python3.12/site-packages/lidar_plotter/__pycache__/compare_real_sonar_to_dem.cpython-312.pyc
/home/safayat/dave_lidar_ws/src/install/lidar_plotter/share/ament_index/resource_index/packages/lidar_plotter
/home/safayat/dave_lidar_ws/src/install/lidar_plotter/share/lidar_plotter/package.xml
/home/safayat/dave_lidar_ws/src/install/lidar_plotter/lib/python3.12/site-packages/lidar_plotter-0.0.0-py3.12.egg-info/top_level.txt
/home/safayat/dave_lidar_ws/src/install/lidar_plotter/lib/python3.12/site-packages/lidar_plotter-0.0.0-py3.12.egg-info/zip-safe
/home/safayat/dave_lidar_ws/src/install/lidar_plotter/lib/python3.12/site-packages/lidar_plotter-0.0.0-py3.12.egg-info/entry_points.txt
/home/safayat/dave_lidar_ws/src/install/lidar_plotter/lib/python3.12/site-packages/lidar_plotter-0.0.0-py3.12.egg-info/dependency_links.txt
/home/safayat/dave_lidar_ws/src/install/lidar_plotter/lib/python3.12/site-packages/lidar_plotter-0.0.0-py3.12.egg-info/requires.txt
/home/safayat/dave_lidar_ws/src/install/lidar_plotter/lib/python3.12/site-packages/lidar_plotter-0.0.0-py3.12.egg-info/PKG-INFO
/home/safayat/dave_lidar_ws/src/install/lidar_plotter/lib/python3.12/site-packages/lidar_plotter-0.0.0-py3.12.egg-info/SOURCES.txt
/home/safayat/dave_lidar_ws/src/install/lidar_plotter/lib/lidar_plotter/lidar_plotter
/home/safayat/dave_lidar_ws/src/install/lidar_plotter/lib/lidar_plotter/lidar_plotter_mod
/home/safayat/dave_lidar_ws/src/install/lidar_plotter/lib/lidar_plotter/lidar_truth_overlay
/home/safayat/dave_lidar_ws/src/install/lidar_plotter/lib/lidar_plotter/validate_lidar_against_sdf
