[0.519s] Invoking command in '/home/safayat/dave_lidar_ws/src/lidar_plotter': DEBUGINFOD_URLS=https://debuginfod.ubuntu.com PYTHONPATH=/home/safayat/dave_lidar_ws/src/build/lidar_plotter/prefix_override:/usr/lib/python3/dist-packages/colcon_core/task/python/colcon_distutils_commands:/home/safayat/dave_lidar_ws/src/install/lidar_plotter/lib/python3.12/site-packages:${PYTHONPATH} /usr/bin/python3 -W ignore:setup.py install is deprecated -W ignore:easy_install command is deprecated setup.py egg_info --egg-base ../build/lidar_plotter build --build-base /home/safayat/dave_lidar_ws/src/build/lidar_plotter/build install --record /home/safayat/dave_lidar_ws/src/build/lidar_plotter/install.log --single-version-externally-managed install_data
[0.686s] running egg_info
[0.697s] writing ../build/lidar_plotter/lidar_plotter.egg-info/PKG-INFO
[0.697s] writing dependency_links to ../build/lidar_plotter/lidar_plotter.egg-info/dependency_links.txt
[0.697s] writing entry points to ../build/lidar_plotter/lidar_plotter.egg-info/entry_points.txt
[0.697s] writing requirements to ../build/lidar_plotter/lidar_plotter.egg-info/requires.txt
[0.697s] writing top-level names to ../build/lidar_plotter/lidar_plotter.egg-info/top_level.txt
[0.719s] reading manifest file '../build/lidar_plotter/lidar_plotter.egg-info/SOURCES.txt'
[0.719s] writing manifest file '../build/lidar_plotter/lidar_plotter.egg-info/SOURCES.txt'
[0.720s] running build
[0.720s] running build_py
[0.720s] running install
[0.724s] running install_lib
[0.734s] running install_data
[0.734s] running install_egg_info
[0.746s] removing '/home/safayat/dave_lidar_ws/src/install/lidar_plotter/lib/python3.12/site-packages/lidar_plotter-0.0.0-py3.12.egg-info' (and everything under it)
[0.746s] Copying ../build/lidar_plotter/lidar_plotter.egg-info to /home/safayat/dave_lidar_ws/src/install/lidar_plotter/lib/python3.12/site-packages/lidar_plotter-0.0.0-py3.12.egg-info
[0.747s] running install_scripts
[0.829s] Installing lidar_plotter script to /home/safayat/dave_lidar_ws/src/install/lidar_plotter/lib/lidar_plotter
[0.829s] Installing lidar_plotter_mod script to /home/safayat/dave_lidar_ws/src/install/lidar_plotter/lib/lidar_plotter
[0.830s] Installing lidar_truth_overlay script to /home/safayat/dave_lidar_ws/src/install/lidar_plotter/lib/lidar_plotter
[0.830s] Installing validate_lidar_against_sdf script to /home/safayat/dave_lidar_ws/src/install/lidar_plotter/lib/lidar_plotter
[0.830s] writing list of installed files to '/home/safayat/dave_lidar_ws/src/build/lidar_plotter/install.log'
[0.852s] Invoked command in '/home/safayat/dave_lidar_ws/src/lidar_plotter' returned '0': DEBUGINFOD_URLS=https://debuginfod.ubuntu.com PYTHONPATH=/home/safayat/dave_lidar_ws/src/build/lidar_plotter/prefix_override:/usr/lib/python3/dist-packages/colcon_core/task/python/colcon_distutils_commands:/home/safayat/dave_lidar_ws/src/install/lidar_plotter/lib/python3.12/site-packages:${PYTHONPATH} /usr/bin/python3 -W ignore:setup.py install is deprecated -W ignore:easy_install command is deprecated setup.py egg_info --egg-base ../build/lidar_plotter build --build-base /home/safayat/dave_lidar_ws/src/build/lidar_plotter/build install --record /home/safayat/dave_lidar_ws/src/build/lidar_plotter/install.log --single-version-externally-managed install_data
