running egg_info
writing ../build/lidar_plotter/lidar_plotter.egg-info/PKG-INFO
writing dependency_links to ../build/lidar_plotter/lidar_plotter.egg-info/dependency_links.txt
writing entry points to ../build/lidar_plotter/lidar_plotter.egg-info/entry_points.txt
writing requirements to ../build/lidar_plotter/lidar_plotter.egg-info/requires.txt
writing top-level names to ../build/lidar_plotter/lidar_plotter.egg-info/top_level.txt
reading manifest file '../build/lidar_plotter/lidar_plotter.egg-info/SOURCES.txt'
writing manifest file '../build/lidar_plotter/lidar_plotter.egg-info/SOURCES.txt'
running build
running build_py
running install
running install_lib
running install_data
running install_egg_info
removing '/home/safayat/dave_lidar_ws/src/install/lidar_plotter/lib/python3.12/site-packages/lidar_plotter-0.0.0-py3.12.egg-info' (and everything under it)
Copying ../build/lidar_plotter/lidar_plotter.egg-info to /home/safayat/dave_lidar_ws/src/install/lidar_plotter/lib/python3.12/site-packages/lidar_plotter-0.0.0-py3.12.egg-info
running install_scripts
Installing lidar_plotter script to /home/safayat/dave_lidar_ws/src/install/lidar_plotter/lib/lidar_plotter
Installing lidar_plotter_mod script to /home/safayat/dave_lidar_ws/src/install/lidar_plotter/lib/lidar_plotter
Installing lidar_truth_overlay script to /home/safayat/dave_lidar_ws/src/install/lidar_plotter/lib/lidar_plotter
writing list of installed files to '/home/safayat/dave_lidar_ws/src/build/lidar_plotter/install.log'
