[0.624s] Invoking command in '/home/safayat/dave_lidar_ws/src/lidar_plotter': DEBUGINFOD_URLS=https://debuginfod.ubuntu.com PYTHONPATH=/home/safayat/dave_lidar_ws/src/build/lidar_plotter/prefix_override:/usr/lib/python3/dist-packages/colcon_core/task/python/colcon_distutils_commands:/home/safayat/dave_lidar_ws/src/install/lidar_plotter/lib/python3.12/site-packages:${PYTHONPATH} /usr/bin/python3 -W ignore:setup.py install is deprecated -W ignore:easy_install command is deprecated setup.py egg_info --egg-base ../build/lidar_plotter build --build-base /home/safayat/dave_lidar_ws/src/build/lidar_plotter/build install --record /home/safayat/dave_lidar_ws/src/build/lidar_plotter/install.log --single-version-externally-managed install_data
[0.787s] running egg_info
[0.797s] writing ../build/lidar_plotter/lidar_plotter.egg-info/PKG-INFO
[0.798s] writing dependency_links to ../build/lidar_plotter/lidar_plotter.egg-info/dependency_links.txt
[0.799s] writing entry points to ../build/lidar_plotter/lidar_plotter.egg-info/entry_points.txt
[0.799s] writing requirements to ../build/lidar_plotter/lidar_plotter.egg-info/requires.txt
[0.799s] writing top-level names to ../build/lidar_plotter/lidar_plotter.egg-info/top_level.txt
[0.821s] reading manifest file '../build/lidar_plotter/lidar_plotter.egg-info/SOURCES.txt'
[0.822s] writing manifest file '../build/lidar_plotter/lidar_plotter.egg-info/SOURCES.txt'
[0.822s] running build
[0.822s] running build_py
[0.822s] copying lidar_plotter/validate_lidar_against_dem.py -> /home/safayat/dave_lidar_ws/src/build/lidar_plotter/build/lib/lidar_plotter
[0.822s] copying lidar_plotter/validate_lidar_ranges_against_dem.py -> /home/safayat/dave_lidar_ws/src/build/lidar_plotter/build/lib/lidar_plotter
[0.823s] copying lidar_plotter/compare_real_sonar_to_dem.py -> /home/safayat/dave_lidar_ws/src/build/lidar_plotter/build/lib/lidar_plotter
[0.823s] running install
[0.828s] running install_lib
[0.840s] copying /home/safayat/dave_lidar_ws/src/build/lidar_plotter/build/lib/lidar_plotter/validate_lidar_against_dem.py -> /home/safayat/dave_lidar_ws/src/install/lidar_plotter/lib/python3.12/site-packages/lidar_plotter
[0.840s] copying /home/safayat/dave_lidar_ws/src/build/lidar_plotter/build/lib/lidar_plotter/validate_lidar_ranges_against_dem.py -> /home/safayat/dave_lidar_ws/src/install/lidar_plotter/lib/python3.12/site-packages/lidar_plotter
[0.840s] copying /home/safayat/dave_lidar_ws/src/build/lidar_plotter/build/lib/lidar_plotter/compare_real_sonar_to_dem.py -> /home/safayat/dave_lidar_ws/src/install/lidar_plotter/lib/python3.12/site-packages/lidar_plotter
[0.841s] byte-compiling /home/safayat/dave_lidar_ws/src/install/lidar_plotter/lib/python3.12/site-packages/lidar_plotter/validate_lidar_against_dem.py to validate_lidar_against_dem.cpython-312.pyc
[0.841s] byte-compiling /home/safayat/dave_lidar_ws/src/install/lidar_plotter/lib/python3.12/site-packages/lidar_plotter/validate_lidar_ranges_against_dem.py to validate_lidar_ranges_against_dem.cpython-312.pyc
[0.843s] byte-compiling /home/safayat/dave_lidar_ws/src/install/lidar_plotter/lib/python3.12/site-packages/lidar_plotter/compare_real_sonar_to_dem.py to compare_real_sonar_to_dem.cpython-312.pyc
[0.844s] running install_data
[0.845s] running install_egg_info
[0.856s] removing '/home/safayat/dave_lidar_ws/src/install/lidar_plotter/lib/python3.12/site-packages/lidar_plotter-0.0.0-py3.12.egg-info' (and everything under it)
[0.857s] Copying ../build/lidar_plotter/lidar_plotter.egg-info to /home/safayat/dave_lidar_ws/src/install/lidar_plotter/lib/python3.12/site-packages/lidar_plotter-0.0.0-py3.12.egg-info
[0.858s] running install_scripts
[0.943s] Installing lidar_plotter script to /home/safayat/dave_lidar_ws/src/install/lidar_plotter/lib/lidar_plotter
[0.943s] Installing lidar_plotter_mod script to /home/safayat/dave_lidar_ws/src/install/lidar_plotter/lib/lidar_plotter
[0.943s] Installing lidar_truth_overlay script to /home/safayat/dave_lidar_ws/src/install/lidar_plotter/lib/lidar_plotter
[0.943s] Installing validate_lidar_against_sdf script to /home/safayat/dave_lidar_ws/src/install/lidar_plotter/lib/lidar_plotter
[0.943s] writing list of installed files to '/home/safayat/dave_lidar_ws/src/build/lidar_plotter/install.log'
[0.971s] Invoked command in '/home/safayat/dave_lidar_ws/src/lidar_plotter' returned '0': DEBUGINFOD_URLS=https://debuginfod.ubuntu.com PYTHONPATH=/home/safayat/dave_lidar_ws/src/build/lidar_plotter/prefix_override:/usr/lib/python3/dist-packages/colcon_core/task/python/colcon_distutils_commands:/home/safayat/dave_lidar_ws/src/install/lidar_plotter/lib/python3.12/site-packages:${PYTHONPATH} /usr/bin/python3 -W ignore:setup.py install is deprecated -W ignore:easy_install command is deprecated setup.py egg_info --egg-base ../build/lidar_plotter build --build-base /home/safayat/dave_lidar_ws/src/build/lidar_plotter/build install --record /home/safayat/dave_lidar_ws/src/build/lidar_plotter/install.log --single-version-externally-managed install_data
